<?xml version="1.0" ?>
<coverage branch-rate="1" branches-covered="2" branches-valid="2" complexity="0" line-rate="0.9615" lines-covered="25" lines-valid="26" timestamp="1558660561333" version="5.0a5">
	<!-- Generated by coverage.py: https://coverage.readthedocs.io/en/coverage-5.0a5 -->
	<!-- Based on https://raw.githubusercontent.com/cobertura/web/master/htdocs/xml/coverage-04.dtd -->
	<sources>
		<source>/home/sameerarora/commons</source>
	</sources>
	<packages>
		<package branch-rate="1" complexity="0" line-rate="1" name="src.python.twitter.my_project">
			<classes>
				<class branch-rate="1" complexity="0" filename="src/python/twitter/my_project/__init__.py" line-rate="1" name="__init__.py">
					<methods/>
					<lines/>
				</class>
			</classes>
		</package>
		<package branch-rate="1" complexity="0" line-rate="0.9167" name="src.python.twitter.my_project.function">
			<classes>
				<class branch-rate="1" complexity="0" filename="src/python/twitter/my_project/function/__init__.py" line-rate="1" name="__init__.py">
					<methods/>
					<lines/>
				</class>
				<class branch-rate="1" complexity="0" filename="src/python/twitter/my_project/function/function.py" line-rate="0.9167" name="function.py">
					<methods/>
					<lines>
						<line hits="1" number="1"/>
						<line hits="1" number="3"/>
						<line hits="1" number="4"/>
						<line hits="1" number="6"/>
						<line hits="0" number="7"/>
						<line hits="1" number="9"/>
						<line hits="1" number="10"/>
						<line hits="1" number="12"/>
						<line branch="true" condition-coverage="100% (2/2)" hits="1" number="13"/>
						<line hits="1" number="14"/>
						<line hits="1" number="16"/>
						<line hits="1" number="18"/>
					</lines>
				</class>
			</classes>
		</package>
		<package branch-rate="1" complexity="0" line-rate="1" name="src.python.twitter.my_project.tests">
			<classes>
				<class branch-rate="1" complexity="0" filename="src/python/twitter/my_project/tests/tests.py" line-rate="1" name="tests.py">
					<methods/>
					<lines>
						<line hits="1" number="1"/>
						<line hits="1" number="3"/>
						<line hits="1" number="5"/>
						<line hits="1" number="6"/>
						<line hits="1" number="7"/>
						<line hits="1" number="8"/>
						<line hits="1" number="10"/>
						<line hits="1" number="12"/>
						<line hits="1" number="15"/>
						<line hits="1" number="16"/>
						<line hits="1" number="19"/>
						<line hits="1" number="20"/>
						<line hits="1" number="21"/>
						<line hits="1" number="22"/>
					</lines>
				</class>
			</classes>
		</package>
	</packages>
</coverage>
