<?xml version="1.0" ?>
<coverage branch-rate="0.4286" branches-covered="6" branches-valid="14" complexity="0" line-rate="0.5238" lines-covered="22" lines-valid="42" timestamp="1558820696342" version="4.5.3">
	<!-- Generated by coverage.py: https://coverage.readthedocs.io -->
	<!-- Based on https://raw.githubusercontent.com/cobertura/web/master/htdocs/xml/coverage-04.dtd -->
	<sources>
		<source>/home/sameerarora/Desktop/4410a2/.pants.d/pyprep/sources/ed085ae13ca52a6d3e1a42b0025b0f</source>
	</sources>
	<packages>
		<package branch-rate="0.4286" complexity="0" line-rate="0.5238" name="src.python.p3">
			<classes>
				<class branch-rate="1" complexity="0" filename="src/python/p3/__init__.py" line-rate="1" name="__init__.py">
					<methods/>
					<lines>
						<line hits="1" number="1"/>
					</lines>
				</class>
				<class branch-rate="0.4286" complexity="0" filename="src/python/p3/practice.py" line-rate="0.5122" name="practice.py">
					<methods/>
					<lines>
						<line hits="1" number="1"/>
						<line branch="true" condition-coverage="100% (2/2)" hits="1" number="2"/>
						<line hits="1" number="3"/>
						<line hits="1" number="5"/>
						<line hits="1" number="8"/>
						<line branch="true" condition-coverage="0% (0/2)" hits="0" missing-branches="10,12" number="9"/>
						<line hits="0" number="10"/>
						<line hits="0" number="12"/>
						<line hits="1" number="16"/>
						<line branch="true" condition-coverage="100% (2/2)" hits="1" number="17"/>
						<line hits="1" number="18"/>
						<line branch="true" condition-coverage="100% (2/2)" hits="1" number="20"/>
						<line hits="1" number="21"/>
						<line hits="1" number="22"/>
						<line hits="1" number="24"/>
						<line hits="1" number="27"/>
						<line branch="true" condition-coverage="0% (0/2)" hits="0" missing-branches="29,31" number="28"/>
						<line hits="0" number="29"/>
						<line branch="true" condition-coverage="0% (0/2)" hits="0" missing-branches="32,34" number="31"/>
						<line hits="0" number="32"/>
						<line hits="0" number="34"/>
						<line hits="1" number="36"/>
						<line branch="true" condition-coverage="0% (0/2)" hits="0" missing-branches="38,40" number="37"/>
						<line hits="0" number="38"/>
						<line hits="0" number="40"/>
						<line hits="1" number="42"/>
						<line hits="1" number="43"/>
						<line hits="0" number="44"/>
						<line hits="0" number="45"/>
						<line hits="0" number="46"/>
						<line hits="1" number="48"/>
						<line hits="0" number="49"/>
						<line hits="1" number="52"/>
						<line hits="1" number="59"/>
						<line hits="0" number="60"/>
						<line hits="0" number="61"/>
						<line hits="0" number="62"/>
						<line hits="1" number="64"/>
						<line hits="0" number="65"/>
						<line hits="1" number="67"/>
						<line hits="0" number="68"/>
					</lines>
				</class>
			</classes>
		</package>
	</packages>
</coverage>
