<?xml version="1.0" ?>
<coverage branch-rate="0" branches-covered="0" branches-valid="2" complexity="0" line-rate="0.8125" lines-covered="13" lines-valid="16" timestamp="1558670353271" version="5.0a5">
	<!-- Generated by coverage.py: https://coverage.readthedocs.io/en/coverage-5.0a5 -->
	<!-- Based on https://raw.githubusercontent.com/cobertura/web/master/htdocs/xml/coverage-04.dtd -->
	<sources>
		<source>/home/sameerarora/commons</source>
	</sources>
	<packages>
		<package branch-rate="1" complexity="0" line-rate="1" name="src.python.proj2">
			<classes>
				<class branch-rate="1" complexity="0" filename="src/python/proj2/__init__.py" line-rate="1" name="__init__.py">
					<methods/>
					<lines/>
				</class>
			</classes>
		</package>
		<package branch-rate="0" complexity="0" line-rate="0.625" name="src.python.proj2.fun1">
			<classes>
				<class branch-rate="0" complexity="0" filename="src/python/proj2/fun1/function.py" line-rate="0.625" name="function.py">
					<methods/>
					<lines>
						<line hits="1" number="1"/>
						<line hits="1" number="3"/>
						<line hits="1" number="4"/>
						<line hits="1" number="7"/>
						<line branch="true" condition-coverage="0% (0/2)" hits="0" missing-branches="9,11" number="8"/>
						<line hits="0" number="9"/>
						<line hits="0" number="11"/>
						<line hits="1" number="12"/>
					</lines>
				</class>
			</classes>
		</package>
		<package branch-rate="1" complexity="0" line-rate="1" name="src.python.proj2.test1">
			<classes>
				<class branch-rate="1" complexity="0" filename="src/python/proj2/test1/t1.py" line-rate="1" name="t1.py">
					<methods/>
					<lines>
						<line hits="1" number="1"/>
						<line hits="1" number="3"/>
						<line hits="1" number="4"/>
						<line hits="1" number="6"/>
						<line hits="1" number="7"/>
						<line hits="1" number="10"/>
						<line hits="1" number="11"/>
						<line hits="1" number="12"/>
					</lines>
				</class>
			</classes>
		</package>
	</packages>
</coverage>
